Command line:
   CPU_isim_beh.exe
     -simmode  gui
     -simrunnum  0
     -socket  52027

Wed Nov 18 03:29:56 2020


 Elaboration Time: 0.0625 sec

 Current Memory Usage: 5159.63 Meg

 Total Signals          : 96
 Total Nets             : 241
 Total Signal Drivers   : 27
 Total Blocks           : 9
 Total Primitive Blocks : 6
 Total Processes        : 36
 Total Traceable Variables  : 136
 Total Scalar Nets and Variables : 3405
Total Line Count : 115

 Total Simulation Time: 0.140625 sec

 Current Memory Usage: 5159.63 Meg

Wed Nov 18 03:30:04 2020

