Release 14.7 - xst P.20131013 (nt64)
Copyright (c) 1995-2013 Xilinx, Inc.  All rights reserved.
--> Parameter TMPDIR set to xst/projnav.tmp


Total REAL time to Xst completion: 0.00 secs
Total CPU time to Xst completion: 0.25 secs
 
--> Parameter xsthdpdir set to xst


Total REAL time to Xst completion: 0.00 secs
Total CPU time to Xst completion: 0.25 secs
 
--> Reading design: CPU.prj

TABLE OF CONTENTS
  1) Synthesis Options Summary
  2) HDL Parsing
  3) HDL Elaboration
  4) HDL Synthesis
       4.1) HDL Synthesis Report
  5) Advanced HDL Synthesis
       5.1) Advanced HDL Synthesis Report
  6) Low Level Synthesis
  7) Partition Report
  8) Design Summary
       8.1) Primitive and Black Box Usage
       8.2) Device utilization summary
       8.3) Partition Resource Summary
       8.4) Timing Report
            8.4.1) Clock Information
            8.4.2) Asynchronous Control Signals Information
            8.4.3) Timing Summary
            8.4.4) Timing Details
            8.4.5) Cross Clock Domains Report


=========================================================================
*                      Synthesis Options Summary                        *
=========================================================================
---- Source Parameters
Input File Name                    : "CPU.prj"
Ignore Synthesis Constraint File   : NO

---- Target Parameters
Output File Name                   : "CPU"
Output Format                      : NGC
Target Device                      : xc7a100t-1-csg324

---- Source Options
Top Module Name                    : CPU
Automatic FSM Extraction           : YES
FSM Encoding Algorithm             : Auto
Safe Implementation                : No
FSM Style                          : LUT
RAM Extraction                     : Yes
RAM Style                          : Auto
ROM Extraction                     : Yes
Shift Register Extraction          : YES
ROM Style                          : Auto
Resource Sharing                   : YES
Asynchronous To Synchronous        : NO
Shift Register Minimum Size        : 2
Use DSP Block                      : Auto
Automatic Register Balancing       : No

---- Target Options
LUT Combining                      : Auto
Reduce Control Sets                : Auto
Add IO Buffers                     : YES
Global Maximum Fanout              : 100000
Add Generic Clock Buffer(BUFG)     : 32
Register Duplication               : YES
Optimize Instantiated Primitives   : NO
Use Clock Enable                   : Auto
Use Synchronous Set                : Auto
Use Synchronous Reset              : Auto
Pack IO Registers into IOBs        : Auto
Equivalent register Removal        : YES

---- General Options
Optimization Goal                  : Speed
Optimization Effort                : 1
Power Reduction                    : NO
Keep Hierarchy                     : No
Netlist Hierarchy                  : As_Optimized
RTL Output                         : Yes
Global Optimization                : AllClockNets
Read Cores                         : YES
Write Timing Constraints           : NO
Cross Clock Analysis               : NO
Hierarchy Separator                : /
Bus Delimiter                      : <>
Case Specifier                     : Maintain
Slice Utilization Ratio            : 100
BRAM Utilization Ratio             : 100
DSP48 Utilization Ratio            : 100
Auto BRAM Packing                  : NO
Slice Utilization Ratio Delta      : 5

---- Other Options
Cores Search Directories           : {"ipcore_dir"  }

=========================================================================


=========================================================================
*                          HDL Parsing                                  *
=========================================================================
Analyzing Verilog file "C:\Users\sosav\Downloads\ECE414_Project_Files_2020\FinalProject\registerFile.v" into library work
Parsing module <registerFile>.
Analyzing Verilog file "C:\Users\sosav\Downloads\ECE414_Project_Files_2020\FinalProject\programCounter.v" into library work
Parsing module <programCounter>.
Analyzing Verilog file "C:\Users\sosav\Downloads\ECE414_Project_Files_2020\FinalProject\instructionRegister.v" into library work
Parsing module <instructionRegister>.
Analyzing Verilog file "C:\Users\sosav\Downloads\ECE414_Project_Files_2020\FinalProject\functionalUnit.v" into library work
Parsing module <functionalUnit>.
Analyzing Verilog file "C:\Users\sosav\Downloads\ECE414_Project_Files_2020\FinalProject\cpuControlLogic.v" into library work
Parsing module <cpuControlLogic>.
Analyzing Verilog file "C:\Users\sosav\Downloads\ECE414_Project_Files_2020\FinalProject\cpuDatapath.v" into library work
Parsing module <cpuDatapath>.
Analyzing Verilog file "C:\Users\sosav\Downloads\ECE414_Project_Files_2020\FinalProject\cpuController.v" into library work
Parsing module <cpuController>.
Analyzing Verilog file "C:\Users\sosav\Downloads\ECE414_Project_Files_2020\FinalProject\CPU.v" into library work
Parsing module <CPU>.

=========================================================================
*                            HDL Elaboration                            *
=========================================================================

Elaborating module <CPU>.

Elaborating module <cpuController>.

Elaborating module <instructionRegister>.
WARNING:HDLCompiler:91 - "C:\Users\sosav\Downloads\ECE414_Project_Files_2020\FinalProject\instructionRegister.v" Line 46: Signal <IR> missing in the sensitivity list is added for synthesis purposes. HDL and post-synthesis simulations may differ as a result.
WARNING:HDLCompiler:91 - "C:\Users\sosav\Downloads\ECE414_Project_Files_2020\FinalProject\instructionRegister.v" Line 47: Signal <IR> missing in the sensitivity list is added for synthesis purposes. HDL and post-synthesis simulations may differ as a result.
WARNING:HDLCompiler:91 - "C:\Users\sosav\Downloads\ECE414_Project_Files_2020\FinalProject\instructionRegister.v" Line 48: Signal <IR> missing in the sensitivity list is added for synthesis purposes. HDL and post-synthesis simulations may differ as a result.
WARNING:HDLCompiler:91 - "C:\Users\sosav\Downloads\ECE414_Project_Files_2020\FinalProject\instructionRegister.v" Line 49: Signal <IR> missing in the sensitivity list is added for synthesis purposes. HDL and post-synthesis simulations may differ as a result.

Elaborating module <cpuControlLogic>.
WARNING:HDLCompiler:91 - "C:\Users\sosav\Downloads\ECE414_Project_Files_2020\FinalProject\cpuControlLogic.v" Line 97: Signal <firstInstruction> missing in the sensitivity list is added for synthesis purposes. HDL and post-synthesis simulations may differ as a result.

Elaborating module <programCounter>.
WARNING:HDLCompiler:413 - "C:\Users\sosav\Downloads\ECE414_Project_Files_2020\FinalProject\programCounter.v" Line 74: Result of 17-bit expression is truncated to fit in 16-bit target.
WARNING:HDLCompiler:189 - "C:\Users\sosav\Downloads\ECE414_Project_Files_2020\FinalProject\CPU.v" Line 60: Size mismatch in connection of port <PC>. Formal port size is 16-bit while actual signal size is 6-bit.

Elaborating module <cpuDatapath>.
WARNING:HDLCompiler:91 - "C:\Users\sosav\Downloads\ECE414_Project_Files_2020\FinalProject\cpuDatapath.v" Line 63: Signal <AA> missing in the sensitivity list is added for synthesis purposes. HDL and post-synthesis simulations may differ as a result.

Elaborating module <registerFile>.

Elaborating module <functionalUnit>.
WARNING:HDLCompiler:189 - "C:\Users\sosav\Downloads\ECE414_Project_Files_2020\FinalProject\CPU.v" Line 83: Size mismatch in connection of port <MemIn>. Formal port size is 16-bit while actual signal size is 15-bit.
WARNING:HDLCompiler:189 - "C:\Users\sosav\Downloads\ECE414_Project_Files_2020\FinalProject\CPU.v" Line 84: Size mismatch in connection of port <PC>. Formal port size is 16-bit while actual signal size is 1-bit.
WARNING:HDLCompiler:189 - "C:\Users\sosav\Downloads\ECE414_Project_Files_2020\FinalProject\CPU.v" Line 86: Size mismatch in connection of port <MemAddr>. Formal port size is 1-bit while actual signal size is 6-bit.
WARNING:HDLCompiler:634 - "C:\Users\sosav\Downloads\ECE414_Project_Files_2020\FinalProject\CPU.v" Line 84: Net <PC> does not have a driver.

=========================================================================
*                           HDL Synthesis                               *
=========================================================================

Synthesizing Unit <CPU>.
    Related source file is "C:\Users\sosav\Downloads\ECE414_Project_Files_2020\FinalProject\CPU.v".
WARNING:Xst:653 - Signal <PC> is used but never assigned. This sourceless signal will be automatically connected to value GND.
    Summary:
	no macro.
Unit <CPU> synthesized.

Synthesizing Unit <cpuController>.
    Related source file is "C:\Users\sosav\Downloads\ECE414_Project_Files_2020\FinalProject\cpuController.v".
    Summary:
	no macro.
Unit <cpuController> synthesized.

Synthesizing Unit <instructionRegister>.
    Related source file is "C:\Users\sosav\Downloads\ECE414_Project_Files_2020\FinalProject\instructionRegister.v".
WARNING:Xst:647 - Input <clk> is never used. This port will be preserved and left unconnected if it belongs to a top-level block or it belongs to a sub-block and the hierarchy of this sub-block is preserved.
WARNING:Xst:647 - Input <reset> is never used. This port will be preserved and left unconnected if it belongs to a top-level block or it belongs to a sub-block and the hierarchy of this sub-block is preserved.
WARNING:Xst:737 - Found 1-bit latch for signal <opcode<14>>. Latches may be generated from incomplete case or if statements. We do not recommend the use of latches in FPGA/CPLD designs, as they may lead to timing problems.
WARNING:Xst:737 - Found 1-bit latch for signal <opcode<13>>. Latches may be generated from incomplete case or if statements. We do not recommend the use of latches in FPGA/CPLD designs, as they may lead to timing problems.
WARNING:Xst:737 - Found 1-bit latch for signal <opcode<12>>. Latches may be generated from incomplete case or if statements. We do not recommend the use of latches in FPGA/CPLD designs, as they may lead to timing problems.
WARNING:Xst:737 - Found 1-bit latch for signal <DA<11>>. Latches may be generated from incomplete case or if statements. We do not recommend the use of latches in FPGA/CPLD designs, as they may lead to timing problems.
WARNING:Xst:737 - Found 1-bit latch for signal <DA<10>>. Latches may be generated from incomplete case or if statements. We do not recommend the use of latches in FPGA/CPLD designs, as they may lead to timing problems.
WARNING:Xst:737 - Found 1-bit latch for signal <DA<9>>. Latches may be generated from incomplete case or if statements. We do not recommend the use of latches in FPGA/CPLD designs, as they may lead to timing problems.
WARNING:Xst:737 - Found 1-bit latch for signal <DA<8>>. Latches may be generated from incomplete case or if statements. We do not recommend the use of latches in FPGA/CPLD designs, as they may lead to timing problems.
WARNING:Xst:737 - Found 1-bit latch for signal <AA<7>>. Latches may be generated from incomplete case or if statements. We do not recommend the use of latches in FPGA/CPLD designs, as they may lead to timing problems.
WARNING:Xst:737 - Found 1-bit latch for signal <AA<6>>. Latches may be generated from incomplete case or if statements. We do not recommend the use of latches in FPGA/CPLD designs, as they may lead to timing problems.
WARNING:Xst:737 - Found 1-bit latch for signal <AA<5>>. Latches may be generated from incomplete case or if statements. We do not recommend the use of latches in FPGA/CPLD designs, as they may lead to timing problems.
WARNING:Xst:737 - Found 1-bit latch for signal <AA<4>>. Latches may be generated from incomplete case or if statements. We do not recommend the use of latches in FPGA/CPLD designs, as they may lead to timing problems.
WARNING:Xst:737 - Found 1-bit latch for signal <BA<3>>. Latches may be generated from incomplete case or if statements. We do not recommend the use of latches in FPGA/CPLD designs, as they may lead to timing problems.
WARNING:Xst:737 - Found 1-bit latch for signal <BA<2>>. Latches may be generated from incomplete case or if statements. We do not recommend the use of latches in FPGA/CPLD designs, as they may lead to timing problems.
WARNING:Xst:737 - Found 1-bit latch for signal <BA<1>>. Latches may be generated from incomplete case or if statements. We do not recommend the use of latches in FPGA/CPLD designs, as they may lead to timing problems.
WARNING:Xst:737 - Found 1-bit latch for signal <BA<0>>. Latches may be generated from incomplete case or if statements. We do not recommend the use of latches in FPGA/CPLD designs, as they may lead to timing problems.
WARNING:Xst:737 - Found 1-bit latch for signal <opcode<15>>. Latches may be generated from incomplete case or if statements. We do not recommend the use of latches in FPGA/CPLD designs, as they may lead to timing problems.
    Summary:
	inferred  16 Latch(s).
Unit <instructionRegister> synthesized.

Synthesizing Unit <cpuControlLogic>.
    Related source file is "C:\Users\sosav\Downloads\ECE414_Project_Files_2020\FinalProject\cpuControlLogic.v".
    Found 1-bit register for signal <S>.
    Found 1-bit register for signal <firstInstruction>.
    Found 4-bit comparator lessequal for signal <n0005> created at line 119
    Summary:
	inferred   2 D-type flip-flop(s).
	inferred   1 Comparator(s).
	inferred  18 Multiplexer(s).
Unit <cpuControlLogic> synthesized.

Synthesizing Unit <programCounter>.
    Related source file is "C:\Users\sosav\Downloads\ECE414_Project_Files_2020\FinalProject\programCounter.v".
    Found 16-bit register for signal <instructionAddress>.
    Found 16-bit adder for signal <instructionAddress[15]_GND_21_o_add_5_OUT> created at line 65.
    Found 16-bit adder for signal <instructionAddress[15]_GND_21_o_add_10_OUT> created at line 74.
    Found 1-bit comparator not equal for signal <BC_D[15]_equal_9_o> created at line 69
    Summary:
	inferred   1 Adder/Subtractor(s).
	inferred  16 D-type flip-flop(s).
	inferred   1 Comparator(s).
	inferred   4 Multiplexer(s).
Unit <programCounter> synthesized.

Synthesizing Unit <cpuDatapath>.
    Related source file is "C:\Users\sosav\Downloads\ECE414_Project_Files_2020\FinalProject\cpuDatapath.v".
WARNING:Xst:653 - Signal <MemAddr> is used but never assigned. This sourceless signal will be automatically connected to value GND.
    Found 16-bit 4-to-1 multiplexer for signal <result> created at line 59.
    Summary:
	inferred   2 Multiplexer(s).
Unit <cpuDatapath> synthesized.

Synthesizing Unit <registerFile>.
    Related source file is "C:\Users\sosav\Downloads\ECE414_Project_Files_2020\FinalProject\registerFile.v".
    Found 16-bit register for signal <Aout>.
    Found 16-bit register for signal <Bout>.
    Found 16-bit register for signal <Dout>.
    Found 256-bit register for signal <n0040[255:0]>.
    Found 16-bit 16-to-1 multiplexer for signal <AA[3]_userRegisters[15][15]_wide_mux_4_OUT> created at line 51.
    Found 16-bit 16-to-1 multiplexer for signal <BA[3]_userRegisters[15][15]_wide_mux_5_OUT> created at line 52.
    Found 16-bit 16-to-1 multiplexer for signal <DA[3]_userRegisters[15][15]_wide_mux_6_OUT> created at line 53.
    Summary:
	inferred 304 D-type flip-flop(s).
	inferred  19 Multiplexer(s).
Unit <registerFile> synthesized.

Synthesizing Unit <functionalUnit>.
    Related source file is "C:\Users\sosav\Downloads\ECE414_Project_Files_2020\FinalProject\functionalUnit.v".
    Found 17-bit subtractor for signal <inS[15]_inT[15]_sub_2_OUT> created at line 53.
    Found 17-bit adder for signal <inS[15]_inT[15]_add_0_OUT> created at line 51.
    Found 17-bit 8-to-1 multiplexer for signal <tempResult> created at line 49.
    Summary:
	inferred   1 Adder/Subtractor(s).
	inferred   6 Multiplexer(s).
Unit <functionalUnit> synthesized.

=========================================================================
HDL Synthesis Report

Macro Statistics
# Adders/Subtractors                                   : 2
 16-bit adder                                          : 1
 17-bit addsub                                         : 1
# Registers                                            : 7
 1-bit register                                        : 2
 16-bit register                                       : 4
 256-bit register                                      : 1
# Latches                                              : 16
 1-bit latch                                           : 16
# Comparators                                          : 2
 1-bit comparator not equal                            : 1
 4-bit comparator lessequal                            : 1
# Multiplexers                                         : 49
 1-bit 2-to-1 multiplexer                              : 8
 16-bit 16-to-1 multiplexer                            : 3
 16-bit 2-to-1 multiplexer                             : 21
 16-bit 4-to-1 multiplexer                             : 1
 17-bit 2-to-1 multiplexer                             : 6
 2-bit 2-to-1 multiplexer                              : 9
 3-bit 2-to-1 multiplexer                              : 1
# Xors                                                 : 1
 17-bit xor2                                           : 1

=========================================================================
INFO:Xst:1767 - HDL ADVISOR - Resource sharing has identified that some arithmetic operations in this design can share the same physical resources for reduced device utilization. For improved clock frequency you may try to disable resource sharing.

=========================================================================
*                       Advanced HDL Synthesis                          *
=========================================================================


=========================================================================
Advanced HDL Synthesis Report

Macro Statistics
# Adders/Subtractors                                   : 2
 16-bit adder                                          : 1
 17-bit addsub                                         : 1
# Registers                                            : 322
 Flip-Flops                                            : 322
# Comparators                                          : 2
 1-bit comparator not equal                            : 1
 4-bit comparator lessequal                            : 1
# Multiplexers                                         : 49
 1-bit 2-to-1 multiplexer                              : 8
 16-bit 16-to-1 multiplexer                            : 3
 16-bit 2-to-1 multiplexer                             : 21
 16-bit 4-to-1 multiplexer                             : 1
 17-bit 2-to-1 multiplexer                             : 6
 2-bit 2-to-1 multiplexer                              : 9
 3-bit 2-to-1 multiplexer                              : 1
# Xors                                                 : 1
 17-bit xor2                                           : 1

=========================================================================

=========================================================================
*                         Low Level Synthesis                           *
=========================================================================

Optimizing unit <instructionRegister> ...

Optimizing unit <CPU> ...

Optimizing unit <programCounter> ...

Optimizing unit <cpuControlLogic> ...

Optimizing unit <registerFile> ...

Optimizing unit <functionalUnit> ...
WARNING:Xst:2677 - Node <controller/progCount/instructionAddress_15> of sequential type is unconnected in block <CPU>.
WARNING:Xst:2677 - Node <controller/progCount/instructionAddress_14> of sequential type is unconnected in block <CPU>.
WARNING:Xst:2677 - Node <controller/progCount/instructionAddress_13> of sequential type is unconnected in block <CPU>.
WARNING:Xst:2677 - Node <controller/progCount/instructionAddress_12> of sequential type is unconnected in block <CPU>.
WARNING:Xst:2677 - Node <controller/progCount/instructionAddress_11> of sequential type is unconnected in block <CPU>.
WARNING:Xst:2677 - Node <controller/progCount/instructionAddress_10> of sequential type is unconnected in block <CPU>.
WARNING:Xst:2677 - Node <controller/progCount/instructionAddress_9> of sequential type is unconnected in block <CPU>.
WARNING:Xst:2677 - Node <controller/progCount/instructionAddress_8> of sequential type is unconnected in block <CPU>.
WARNING:Xst:2677 - Node <controller/progCount/instructionAddress_7> of sequential type is unconnected in block <CPU>.
WARNING:Xst:2677 - Node <controller/progCount/instructionAddress_6> of sequential type is unconnected in block <CPU>.

Mapping all equations...
Building and optimizing final netlist ...
Found area constraint ratio of 100 (+ 5) on block CPU, actual ratio is 1.

Final Macro Processing ...

=========================================================================
Final Register Report

Macro Statistics
# Registers                                            : 312
 Flip-Flops                                            : 312

=========================================================================

=========================================================================
*                           Partition Report                            *
=========================================================================

Partition Implementation Status
-------------------------------

  No Partitions were found in this design.

-------------------------------

=========================================================================
*                            Design Summary                             *
=========================================================================

Top Level Output File Name         : CPU.ngc

Primitive and Black Box Usage:
------------------------------
# BELS                             : 833
#      GND                         : 1
#      LUT2                        : 5
#      LUT3                        : 1
#      LUT4                        : 50
#      LUT5                        : 266
#      LUT6                        : 316
#      MUXCY                       : 20
#      MUXF7                       : 104
#      MUXF8                       : 48
#      XORCY                       : 22
# FlipFlops/Latches                : 328
#      FD                          : 258
#      FDE                         : 48
#      FDRE                        : 6
#      LD                          : 16
# Clock Buffers                    : 1
#      BUFGP                       : 1
# IO Buffers                       : 64
#      IBUF                        : 32
#      OBUF                        : 32

Device utilization summary:
---------------------------

Selected Device : 7a100tcsg324-1 


Slice Logic Utilization: 
 Number of Slice Registers:             312  out of  126800     0%  
 Number of Slice LUTs:                  638  out of  63400     1%  
    Number used as Logic:               638  out of  63400     1%  

Slice Logic Distribution: 
 Number of LUT Flip Flop pairs used:    686
   Number with an unused Flip Flop:     374  out of    686    54%  
   Number with an unused LUT:            48  out of    686     6%  
   Number of fully used LUT-FF pairs:   264  out of    686    38%  
   Number of unique control sets:         4

IO Utilization: 
 Number of IOs:                          65
 Number of bonded IOBs:                  65  out of    210    30%  
    IOB Flip Flops/Latches:              16

Specific Feature Utilization:
 Number of BUFG/BUFGCTRLs:                1  out of     32     3%  

---------------------------
Partition Resource Summary:
---------------------------

  No Partitions were found in this design.

---------------------------


=========================================================================
Timing Report

NOTE: THESE TIMING NUMBERS ARE ONLY A SYNTHESIS ESTIMATE.
      FOR ACCURATE TIMING INFORMATION PLEASE REFER TO THE TRACE REPORT
      GENERATED AFTER PLACE-and-ROUTE.

Clock Information:
------------------
--------------------------------------------------+------------------------------------------+-------+
Clock Signal                                      | Clock buffer(FF name)                    | Load  |
--------------------------------------------------+------------------------------------------+-------+
clk                                               | BUFGP                                    | 312   |
enable_to_rom_OBUF(controller/control/Mmux_IL11:O)| NONE(*)(controller/instruction/opcode_15)| 16    |
--------------------------------------------------+------------------------------------------+-------+
(*) This 1 clock signal(s) are generated by combinatorial logic,
and XST is not able to identify which are the primary clock signals.
Please use the CLOCK_SIGNAL constraint to specify the clock signal(s) generated by combinatorial logic.
INFO:Xst:2169 - HDL ADVISOR - Some clock signals were not automatically buffered by XST with BUFG/BUFR resources. Please use the buffer_type constraint in order to insert these buffers to the clock signals to help prevent skew problems.

Asynchronous Control Signals Information:
----------------------------------------
No asynchronous control signals found in this design

Timing Summary:
---------------
Speed Grade: -1

   Minimum period: 3.754ns (Maximum Frequency: 266.418MHz)
   Minimum input arrival time before clock: 3.876ns
   Maximum output required time after clock: 2.242ns
   Maximum combinational path delay: No path found

Timing Details:
---------------
All values displayed in nanoseconds (ns)

=========================================================================
Timing constraint: Default period analysis for Clock 'clk'
  Clock period: 3.754ns (frequency: 266.418MHz)
  Total number of paths / destination ports: 10676 / 365
-------------------------------------------------------------------------
Delay:               3.754ns (Levels of Logic = 19)
  Source:            datapath/regFile/Bout_0 (FF)
  Destination:       datapath/regFile/userRegisters_0_255 (FF)
  Source Clock:      clk rising
  Destination Clock: clk rising

  Data Path: datapath/regFile/Bout_0 to datapath/regFile/userRegisters_0_255
                                Gate     Net
    Cell:in->out      fanout   Delay   Delay  Logical Name (Net Name)
    ----------------------------------------  ------------
     FDE:C->Q              2   0.478   0.542  datapath/regFile/Bout_0 (datapath/regFile/Bout_0)
     LUT6:I4->O            1   0.124   0.000  datapath/fUnit/Mmux_tempResult1_rs_lut<0> (datapath/fUnit/Mmux_tempResult1_rs_lut<0>)
     MUXCY:S->O            1   0.472   0.000  datapath/fUnit/Mmux_tempResult1_rs_cy<0> (datapath/fUnit/Mmux_tempResult1_rs_cy<0>)
     MUXCY:CI->O           1   0.029   0.000  datapath/fUnit/Mmux_tempResult1_rs_cy<1> (datapath/fUnit/Mmux_tempResult1_rs_cy<1>)
     MUXCY:CI->O           1   0.029   0.000  datapath/fUnit/Mmux_tempResult1_rs_cy<2> (datapath/fUnit/Mmux_tempResult1_rs_cy<2>)
     MUXCY:CI->O           1   0.029   0.000  datapath/fUnit/Mmux_tempResult1_rs_cy<3> (datapath/fUnit/Mmux_tempResult1_rs_cy<3>)
     MUXCY:CI->O           1   0.029   0.000  datapath/fUnit/Mmux_tempResult1_rs_cy<4> (datapath/fUnit/Mmux_tempResult1_rs_cy<4>)
     MUXCY:CI->O           1   0.029   0.000  datapath/fUnit/Mmux_tempResult1_rs_cy<5> (datapath/fUnit/Mmux_tempResult1_rs_cy<5>)
     MUXCY:CI->O           1   0.029   0.000  datapath/fUnit/Mmux_tempResult1_rs_cy<6> (datapath/fUnit/Mmux_tempResult1_rs_cy<6>)
     MUXCY:CI->O           1   0.029   0.000  datapath/fUnit/Mmux_tempResult1_rs_cy<7> (datapath/fUnit/Mmux_tempResult1_rs_cy<7>)
     MUXCY:CI->O           1   0.029   0.000  datapath/fUnit/Mmux_tempResult1_rs_cy<8> (datapath/fUnit/Mmux_tempResult1_rs_cy<8>)
     MUXCY:CI->O           1   0.029   0.000  datapath/fUnit/Mmux_tempResult1_rs_cy<9> (datapath/fUnit/Mmux_tempResult1_rs_cy<9>)
     MUXCY:CI->O           1   0.029   0.000  datapath/fUnit/Mmux_tempResult1_rs_cy<10> (datapath/fUnit/Mmux_tempResult1_rs_cy<10>)
     MUXCY:CI->O           1   0.029   0.000  datapath/fUnit/Mmux_tempResult1_rs_cy<11> (datapath/fUnit/Mmux_tempResult1_rs_cy<11>)
     MUXCY:CI->O           1   0.029   0.000  datapath/fUnit/Mmux_tempResult1_rs_cy<12> (datapath/fUnit/Mmux_tempResult1_rs_cy<12>)
     MUXCY:CI->O           1   0.029   0.000  datapath/fUnit/Mmux_tempResult1_rs_cy<13> (datapath/fUnit/Mmux_tempResult1_rs_cy<13>)
     MUXCY:CI->O           0   0.029   0.000  datapath/fUnit/Mmux_tempResult1_rs_cy<14> (datapath/fUnit/Mmux_tempResult1_rs_cy<14>)
     XORCY:CI->O           1   0.510   0.421  datapath/fUnit/Mmux_tempResult1_rs_xor<15> (datapath/fUnit/Mmux_tempResult1_split<15>)
     LUT6:I5->O           16   0.124   0.519  datapath/Mmux_result73 (datapath/result<15>)
     LUT5:I4->O            1   0.124   0.000  datapath/regFile/userRegisters[15][15]_userRegisters[15][15]_mux_29_OUT<95>1 (datapath/regFile/userRegisters[15][15]_userRegisters[15][15]_mux_29_OUT<95>)
     FD:D                      0.030          datapath/regFile/userRegisters_0_95
    ----------------------------------------
    Total                      3.754ns (2.272ns logic, 1.482ns route)
                                       (60.5% logic, 39.5% route)

=========================================================================
Timing constraint: Default OFFSET IN BEFORE for Clock 'clk'
  Total number of paths / destination ports: 968 / 264
-------------------------------------------------------------------------
Offset:              3.876ns (Levels of Logic = 5)
  Source:            data_ram<2> (PAD)
  Destination:       datapath/regFile/userRegisters_0_241 (FF)
  Destination Clock: clk rising

  Data Path: data_ram<2> to datapath/regFile/userRegisters_0_241
                                Gate     Net
    Cell:in->out      fanout   Delay   Delay  Logical Name (Net Name)
    ----------------------------------------  ------------
     IBUF:I->O             6   0.001   0.972  data_ram_2_IBUF (data_ram_2_IBUF)
     LUT6:I0->O            1   0.124   0.939  datapath/Mmux_result81_SW1 (N96)
     LUT6:I0->O            1   0.124   0.919  datapath/Mmux_result83_SW1 (N71)
     LUT6:I1->O           16   0.124   0.519  datapath/Mmux_result84 (datapath/result<1>)
     LUT5:I4->O            1   0.124   0.000  datapath/regFile/userRegisters[15][15]_userRegisters[15][15]_mux_29_OUT<81>2 (datapath/regFile/userRegisters[15][15]_userRegisters[15][15]_mux_29_OUT<81>)
     FD:D                      0.030          datapath/regFile/userRegisters_0_81
    ----------------------------------------
    Total                      3.876ns (0.527ns logic, 3.349ns route)
                                       (13.6% logic, 86.4% route)

=========================================================================
Timing constraint: Default OFFSET IN BEFORE for Clock 'enable_to_rom_OBUF'
  Total number of paths / destination ports: 16 / 16
-------------------------------------------------------------------------
Offset:              0.411ns (Levels of Logic = 1)
  Source:            data_from_rom<15> (PAD)
  Destination:       controller/instruction/opcode_15 (LATCH)
  Destination Clock: enable_to_rom_OBUF falling

  Data Path: data_from_rom<15> to controller/instruction/opcode_15
                                Gate     Net
    Cell:in->out      fanout   Delay   Delay  Logical Name (Net Name)
    ----------------------------------------  ------------
     IBUF:I->O             1   0.001   0.399  data_from_rom_15_IBUF (data_from_rom_15_IBUF)
     LD:D                      0.011          controller/instruction/opcode_15
    ----------------------------------------
    Total                      0.411ns (0.012ns logic, 0.399ns route)
                                       (2.9% logic, 97.1% route)

=========================================================================
Timing constraint: Default OFFSET OUT AFTER for Clock 'clk'
  Total number of paths / destination ports: 24 / 23
-------------------------------------------------------------------------
Offset:              1.649ns (Levels of Logic = 2)
  Source:            controller/control/firstInstruction (FF)
  Destination:       enable_to_rom (PAD)
  Source Clock:      clk rising

  Data Path: controller/control/firstInstruction to enable_to_rom
                                Gate     Net
    Cell:in->out      fanout   Delay   Delay  Logical Name (Net Name)
    ----------------------------------------  ------------
     FD:C->Q               2   0.478   0.542  controller/control/firstInstruction (controller/control/firstInstruction)
     LUT2:I0->O           17   0.124   0.505  controller/control/Mmux_IL11 (enable_to_rom_OBUF)
     OBUF:I->O                 0.000          enable_to_rom_OBUF (enable_to_rom)
    ----------------------------------------
    Total                      1.649ns (0.602ns logic, 1.047ns route)
                                       (36.5% logic, 63.5% route)

=========================================================================
Timing constraint: Default OFFSET OUT AFTER for Clock 'enable_to_rom_OBUF'
  Total number of paths / destination ports: 4 / 1
-------------------------------------------------------------------------
Offset:              2.242ns (Levels of Logic = 2)
  Source:            controller/instruction/opcode_14 (LATCH)
  Destination:       read_enable_to_ram (PAD)
  Source Clock:      enable_to_rom_OBUF falling

  Data Path: controller/instruction/opcode_14 to read_enable_to_ram
                                Gate     Net
    Cell:in->out      fanout   Delay   Delay  Logical Name (Net Name)
    ----------------------------------------  ------------
     LD:G->Q              78   0.625   0.939  controller/instruction/opcode_14 (controller/instruction/opcode_14)
     LUT4:I0->O           46   0.124   0.555  controller/control/Mmux_resultSource21 (read_enable_to_ram_OBUF)
     OBUF:I->O                 0.000          read_enable_to_ram_OBUF (read_enable_to_ram)
    ----------------------------------------
    Total                      2.242ns (0.749ns logic, 1.493ns route)
                                       (33.4% logic, 66.6% route)

=========================================================================

Cross Clock Domains Report:
--------------------------

Clock to Setup on destination clock clk
------------------+---------+---------+---------+---------+
                  | Src:Rise| Src:Fall| Src:Rise| Src:Fall|
Source Clock      |Dest:Rise|Dest:Rise|Dest:Fall|Dest:Fall|
------------------+---------+---------+---------+---------+
clk               |    3.754|         |         |         |
enable_to_rom_OBUF|         |    5.362|         |         |
------------------+---------+---------+---------+---------+

=========================================================================


Total REAL time to Xst completion: 13.00 secs
Total CPU time to Xst completion: 13.53 secs
 
--> 

Total memory usage is 4697852 kilobytes

Number of errors   :    0 (   0 filtered)
Number of warnings :   42 (   0 filtered)
Number of infos    :    2 (   0 filtered)

