Release 14.7 - xst P.20131013 (nt64)
Copyright (c) 1995-2013 Xilinx, Inc.  All rights reserved.
--> Parameter TMPDIR set to xst/projnav.tmp


Total REAL time to Xst completion: 0.00 secs
Total CPU time to Xst completion: 0.19 secs
 
--> Parameter xsthdpdir set to xst


Total REAL time to Xst completion: 0.00 secs
Total CPU time to Xst completion: 0.19 secs
 
--> Reading design: cpuController.prj

TABLE OF CONTENTS
  1) Synthesis Options Summary
  2) HDL Parsing
  3) HDL Elaboration
  4) HDL Synthesis
       4.1) HDL Synthesis Report
  5) Advanced HDL Synthesis
       5.1) Advanced HDL Synthesis Report
  6) Low Level Synthesis
  7) Partition Report
  8) Design Summary
       8.1) Primitive and Black Box Usage
       8.2) Device utilization summary
       8.3) Partition Resource Summary
       8.4) Timing Report
            8.4.1) Clock Information
            8.4.2) Asynchronous Control Signals Information
            8.4.3) Timing Summary
            8.4.4) Timing Details
            8.4.5) Cross Clock Domains Report


=========================================================================
*                      Synthesis Options Summary                        *
=========================================================================
---- Source Parameters
Input File Name                    : "cpuController.prj"
Ignore Synthesis Constraint File   : NO

---- Target Parameters
Output File Name                   : "cpuController"
Output Format                      : NGC
Target Device                      : xc7a100t-1-csg324

---- Source Options
Top Module Name                    : cpuController
Automatic FSM Extraction           : YES
FSM Encoding Algorithm             : Auto
Safe Implementation                : No
FSM Style                          : LUT
RAM Extraction                     : Yes
RAM Style                          : Auto
ROM Extraction                     : Yes
Shift Register Extraction          : YES
ROM Style                          : Auto
Resource Sharing                   : YES
Asynchronous To Synchronous        : NO
Shift Register Minimum Size        : 2
Use DSP Block                      : Auto
Automatic Register Balancing       : No

---- Target Options
LUT Combining                      : Auto
Reduce Control Sets                : Auto
Add IO Buffers                     : YES
Global Maximum Fanout              : 100000
Add Generic Clock Buffer(BUFG)     : 32
Register Duplication               : YES
Optimize Instantiated Primitives   : NO
Use Clock Enable                   : Auto
Use Synchronous Set                : Auto
Use Synchronous Reset              : Auto
Pack IO Registers into IOBs        : Auto
Equivalent register Removal        : YES

---- General Options
Optimization Goal                  : Speed
Optimization Effort                : 1
Power Reduction                    : NO
Keep Hierarchy                     : No
Netlist Hierarchy                  : As_Optimized
RTL Output                         : Yes
Global Optimization                : AllClockNets
Read Cores                         : YES
Write Timing Constraints           : NO
Cross Clock Analysis               : NO
Hierarchy Separator                : /
Bus Delimiter                      : <>
Case Specifier                     : Maintain
Slice Utilization Ratio            : 100
BRAM Utilization Ratio             : 100
DSP48 Utilization Ratio            : 100
Auto BRAM Packing                  : NO
Slice Utilization Ratio Delta      : 5

---- Other Options
Cores Search Directories           : {"ipcore_dir"  }

=========================================================================


=========================================================================
*                          HDL Parsing                                  *
=========================================================================
Analyzing Verilog file "C:\Users\sosav\Downloads\ECE414_Project_Files_2020\FinalProject\programCounter.v" into library work
Parsing module <programCounter>.
Analyzing Verilog file "C:\Users\sosav\Downloads\ECE414_Project_Files_2020\FinalProject\instructionRegister.v" into library work
Parsing module <instructionRegister>.
Analyzing Verilog file "C:\Users\sosav\Downloads\ECE414_Project_Files_2020\FinalProject\cpuControlLogic.v" into library work
Parsing module <cpuControlLogic>.
Analyzing Verilog file "C:\Users\sosav\Downloads\ECE414_Project_Files_2020\FinalProject\cpuController.v" into library work
Parsing module <cpuController>.

=========================================================================
*                            HDL Elaboration                            *
=========================================================================

Elaborating module <cpuController>.

Elaborating module <instructionRegister>.

Elaborating module <cpuControlLogic>.

Elaborating module <programCounter>.
WARNING:HDLCompiler:413 - "C:\Users\sosav\Downloads\ECE414_Project_Files_2020\FinalProject\programCounter.v" Line 61: Result of 17-bit expression is truncated to fit in 16-bit target.
WARNING:HDLCompiler:413 - "C:\Users\sosav\Downloads\ECE414_Project_Files_2020\FinalProject\programCounter.v" Line 66: Result of 18-bit expression is truncated to fit in 16-bit target.

=========================================================================
*                           HDL Synthesis                               *
=========================================================================

Synthesizing Unit <cpuController>.
    Related source file is "C:\Users\sosav\Downloads\ECE414_Project_Files_2020\FinalProject\cpuController.v".
    Summary:
	no macro.
Unit <cpuController> synthesized.

Synthesizing Unit <instructionRegister>.
    Related source file is "C:\Users\sosav\Downloads\ECE414_Project_Files_2020\FinalProject\instructionRegister.v".
WARNING:Xst:647 - Input <reset> is never used. This port will be preserved and left unconnected if it belongs to a top-level block or it belongs to a sub-block and the hierarchy of this sub-block is preserved.
    Found 4-bit register for signal <opcode>.
    Found 4-bit register for signal <DA>.
    Found 4-bit register for signal <AA>.
    Found 4-bit register for signal <BA>.
    Found 16-bit register for signal <currentInstruction>.
    Summary:
	inferred  32 D-type flip-flop(s).
Unit <instructionRegister> synthesized.

Synthesizing Unit <cpuControlLogic>.
    Related source file is "C:\Users\sosav\Downloads\ECE414_Project_Files_2020\FinalProject\cpuControlLogic.v".
    Found 1-bit register for signal <S>.
    Found 4-bit comparator lessequal for signal <n0003> created at line 101
    Summary:
	inferred   1 D-type flip-flop(s).
	inferred   1 Comparator(s).
	inferred  25 Multiplexer(s).
Unit <cpuControlLogic> synthesized.

Synthesizing Unit <programCounter>.
    Related source file is "C:\Users\sosav\Downloads\ECE414_Project_Files_2020\FinalProject\programCounter.v".
    Found 16-bit register for signal <instructionAddress>.
    Found 17-bit adder for signal <n0029> created at line 61.
    Found 17-bit adder for signal <n0018> created at line 66.
    Found 1-bit comparator equal for signal <BC_D[15]_equal_11_o> created at line 70
    Summary:
	inferred   2 Adder/Subtractor(s).
	inferred  16 D-type flip-flop(s).
	inferred   1 Comparator(s).
	inferred   4 Multiplexer(s).
Unit <programCounter> synthesized.

=========================================================================
HDL Synthesis Report

Macro Statistics
# Adders/Subtractors                                   : 2
 17-bit adder                                          : 2
# Registers                                            : 7
 1-bit register                                        : 1
 16-bit register                                       : 2
 4-bit register                                        : 4
# Comparators                                          : 2
 1-bit comparator equal                                : 1
 4-bit comparator lessequal                            : 1
# Multiplexers                                         : 29
 1-bit 2-to-1 multiplexer                              : 17
 16-bit 2-to-1 multiplexer                             : 4
 2-bit 2-to-1 multiplexer                              : 7
 3-bit 2-to-1 multiplexer                              : 1

=========================================================================

=========================================================================
*                       Advanced HDL Synthesis                          *
=========================================================================


=========================================================================
Advanced HDL Synthesis Report

Macro Statistics
# Adders/Subtractors                                   : 2
 16-bit adder                                          : 2
# Registers                                            : 49
 Flip-Flops                                            : 49
# Comparators                                          : 2
 1-bit comparator equal                                : 1
 4-bit comparator lessequal                            : 1
# Multiplexers                                         : 29
 1-bit 2-to-1 multiplexer                              : 17
 16-bit 2-to-1 multiplexer                             : 4
 2-bit 2-to-1 multiplexer                              : 7
 3-bit 2-to-1 multiplexer                              : 1

=========================================================================

=========================================================================
*                         Low Level Synthesis                           *
=========================================================================

Optimizing unit <cpuController> ...

Optimizing unit <programCounter> ...

Optimizing unit <instructionRegister> ...

Optimizing unit <cpuControlLogic> ...

Mapping all equations...
Building and optimizing final netlist ...
Found area constraint ratio of 100 (+ 5) on block cpuController, actual ratio is 0.

Final Macro Processing ...

=========================================================================
Final Register Report

Macro Statistics
# Registers                                            : 49
 Flip-Flops                                            : 49

=========================================================================

=========================================================================
*                           Partition Report                            *
=========================================================================

Partition Implementation Status
-------------------------------

  No Partitions were found in this design.

-------------------------------

=========================================================================
*                            Design Summary                             *
=========================================================================

Top Level Output File Name         : cpuController.ngc

Primitive and Black Box Usage:
------------------------------
# BELS                             : 130
#      GND                         : 1
#      INV                         : 1
#      LUT1                        : 23
#      LUT2                        : 11
#      LUT3                        : 1
#      LUT4                        : 3
#      LUT5                        : 7
#      LUT6                        : 20
#      MUXCY                       : 30
#      VCC                         : 1
#      XORCY                       : 32
# FlipFlops/Latches                : 49
#      FDE                         : 32
#      FDR                         : 1
#      FDRE                        : 16
# Clock Buffers                    : 1
#      BUFGP                       : 1
# IO Buffers                       : 69
#      IBUF                        : 33
#      OBUF                        : 36

Device utilization summary:
---------------------------

Selected Device : 7a100tcsg324-1 


Slice Logic Utilization: 
 Number of Slice Registers:              49  out of  126800     0%  
 Number of Slice LUTs:                   66  out of  63400     0%  
    Number used as Logic:                66  out of  63400     0%  

Slice Logic Distribution: 
 Number of LUT Flip Flop pairs used:     93
   Number with an unused Flip Flop:      44  out of     93    47%  
   Number with an unused LUT:            27  out of     93    29%  
   Number of fully used LUT-FF pairs:    22  out of     93    23%  
   Number of unique control sets:         4

IO Utilization: 
 Number of IOs:                          70
 Number of bonded IOBs:                  70  out of    210    33%  

Specific Feature Utilization:
 Number of BUFG/BUFGCTRLs:                1  out of     32     3%  

---------------------------
Partition Resource Summary:
---------------------------

  No Partitions were found in this design.

---------------------------


=========================================================================
Timing Report

NOTE: THESE TIMING NUMBERS ARE ONLY A SYNTHESIS ESTIMATE.
      FOR ACCURATE TIMING INFORMATION PLEASE REFER TO THE TRACE REPORT
      GENERATED AFTER PLACE-and-ROUTE.

Clock Information:
------------------
-----------------------------------+------------------------+-------+
Clock Signal                       | Clock buffer(FF name)  | Load  |
-----------------------------------+------------------------+-------+
clk                                | BUFGP                  | 49    |
-----------------------------------+------------------------+-------+

Asynchronous Control Signals Information:
----------------------------------------
No asynchronous control signals found in this design

Timing Summary:
---------------
Speed Grade: -1

   Minimum period: 4.499ns (Maximum Frequency: 222.259MHz)
   Minimum input arrival time before clock: 3.964ns
   Maximum output required time after clock: 1.947ns
   Maximum combinational path delay: No path found

Timing Details:
---------------
All values displayed in nanoseconds (ns)

=========================================================================
Timing constraint: Default period analysis for Clock 'clk'
  Clock period: 4.499ns (frequency: 222.259MHz)
  Total number of paths / destination ports: 2185 / 81
-------------------------------------------------------------------------
Delay:               4.499ns (Levels of Logic = 20)
  Source:            progCount/instructionAddress_0 (FF)
  Destination:       progCount/instructionAddress_15 (FF)
  Source Clock:      clk rising
  Destination Clock: clk rising

  Data Path: progCount/instructionAddress_0 to progCount/instructionAddress_15
                                Gate     Net
    Cell:in->out      fanout   Delay   Delay  Logical Name (Net Name)
    ----------------------------------------  ------------
     FDRE:C->Q             2   0.478   0.405  progCount/instructionAddress_0 (progCount/instructionAddress_0)
     INV:I->O              1   0.146   0.000  progCount/Madd_n0029_Madd_lut<0>_INV_0 (progCount/Madd_n0029_Madd_lut<0>)
     MUXCY:S->O            1   0.472   0.000  progCount/Madd_n0029_Madd_cy<0> (progCount/Madd_n0029_Madd_cy<0>)
     MUXCY:CI->O           1   0.029   0.000  progCount/Madd_n0029_Madd_cy<1> (progCount/Madd_n0029_Madd_cy<1>)
     MUXCY:CI->O           1   0.029   0.000  progCount/Madd_n0029_Madd_cy<2> (progCount/Madd_n0029_Madd_cy<2>)
     MUXCY:CI->O           1   0.029   0.000  progCount/Madd_n0029_Madd_cy<3> (progCount/Madd_n0029_Madd_cy<3>)
     MUXCY:CI->O           1   0.029   0.000  progCount/Madd_n0029_Madd_cy<4> (progCount/Madd_n0029_Madd_cy<4>)
     MUXCY:CI->O           1   0.029   0.000  progCount/Madd_n0029_Madd_cy<5> (progCount/Madd_n0029_Madd_cy<5>)
     MUXCY:CI->O           1   0.029   0.000  progCount/Madd_n0029_Madd_cy<6> (progCount/Madd_n0029_Madd_cy<6>)
     MUXCY:CI->O           1   0.029   0.000  progCount/Madd_n0029_Madd_cy<7> (progCount/Madd_n0029_Madd_cy<7>)
     MUXCY:CI->O           1   0.029   0.000  progCount/Madd_n0029_Madd_cy<8> (progCount/Madd_n0029_Madd_cy<8>)
     MUXCY:CI->O           1   0.029   0.000  progCount/Madd_n0029_Madd_cy<9> (progCount/Madd_n0029_Madd_cy<9>)
     MUXCY:CI->O           1   0.029   0.000  progCount/Madd_n0029_Madd_cy<10> (progCount/Madd_n0029_Madd_cy<10>)
     MUXCY:CI->O           1   0.029   0.000  progCount/Madd_n0029_Madd_cy<11> (progCount/Madd_n0029_Madd_cy<11>)
     MUXCY:CI->O           1   0.029   0.000  progCount/Madd_n0029_Madd_cy<12> (progCount/Madd_n0029_Madd_cy<12>)
     MUXCY:CI->O           1   0.029   0.000  progCount/Madd_n0029_Madd_cy<13> (progCount/Madd_n0029_Madd_cy<13>)
     XORCY:CI->O           2   0.510   0.427  progCount/Madd_n0029_Madd_xor<14> (progCount/n0029<14>)
     LUT1:I0->O            1   0.124   0.000  progCount/Madd_n0018_Madd_cy<14>_rt (progCount/Madd_n0018_Madd_cy<14>_rt)
     MUXCY:S->O            0   0.472   0.000  progCount/Madd_n0018_Madd_cy<14> (progCount/Madd_n0018_Madd_cy<14>)
     XORCY:CI->O           1   0.510   0.421  progCount/Madd_n0018_Madd_xor<15> (progCount/n0018<15>)
     LUT6:I5->O            1   0.124   0.000  progCount/Mmux_PS[1]_instructionAddress[15]_wide_mux_12_OUT71 (progCount/PS[1]_instructionAddress[15]_wide_mux_12_OUT<15>)
     FDRE:D                    0.030          progCount/instructionAddress_15
    ----------------------------------------
    Total                      4.499ns (3.246ns logic, 1.253ns route)
                                       (72.2% logic, 27.8% route)

=========================================================================
Timing constraint: Default OFFSET IN BEFORE for Clock 'clk'
  Total number of paths / destination ports: 305 / 49
-------------------------------------------------------------------------
Offset:              3.964ns (Levels of Logic = 5)
  Source:            D<7> (PAD)
  Destination:       progCount/instructionAddress_0 (FF)
  Destination Clock: clk rising

  Data Path: D<7> to progCount/instructionAddress_0
                                Gate     Net
    Cell:in->out      fanout   Delay   Delay  Logical Name (Net Name)
    ----------------------------------------  ------------
     IBUF:I->O             2   0.001   0.945  D_7_IBUF (D_7_IBUF)
     LUT6:I0->O            1   0.124   0.536  progCount/out1 (progCount/out)
     LUT5:I3->O            1   0.124   0.919  progCount/BC_D[15]_equal_11_o1_SW0 (N2)
     LUT6:I1->O           16   0.124   1.037  progCount/BC_D[15]_equal_11_o1 (progCount/BC_D[15]_equal_11_o1)
     LUT6:I0->O            1   0.124   0.000  progCount/Mmux_PS[1]_instructionAddress[15]_wide_mux_12_OUT11 (progCount/PS[1]_instructionAddress[15]_wide_mux_12_OUT<0>)
     FDRE:D                    0.030          progCount/instructionAddress_0
    ----------------------------------------
    Total                      3.964ns (0.527ns logic, 3.437ns route)
                                       (13.3% logic, 86.7% route)

=========================================================================
Timing constraint: Default OFFSET OUT AFTER for Clock 'clk'
  Total number of paths / destination ports: 54 / 36
-------------------------------------------------------------------------
Offset:              1.947ns (Levels of Logic = 2)
  Source:            control/S (FF)
  Destination:       RW (PAD)
  Source Clock:      clk rising

  Data Path: control/S to RW
                                Gate     Net
    Cell:in->out      fanout   Delay   Delay  Logical Name (Net Name)
    ----------------------------------------  ------------
     FDR:C->Q              5   0.478   0.946  control/S (control/S)
     LUT5:I0->O            1   0.124   0.399  control/Mmux_RW11 (RW_OBUF)
     OBUF:I->O                 0.000          RW_OBUF (RW)
    ----------------------------------------
    Total                      1.947ns (0.602ns logic, 1.345ns route)
                                       (30.9% logic, 69.1% route)

=========================================================================

Cross Clock Domains Report:
--------------------------

Clock to Setup on destination clock clk
---------------+---------+---------+---------+---------+
               | Src:Rise| Src:Fall| Src:Rise| Src:Fall|
Source Clock   |Dest:Rise|Dest:Rise|Dest:Fall|Dest:Fall|
---------------+---------+---------+---------+---------+
clk            |    4.499|         |         |         |
---------------+---------+---------+---------+---------+

=========================================================================


Total REAL time to Xst completion: 18.00 secs
Total CPU time to Xst completion: 18.14 secs
 
--> 

Total memory usage is 4688124 kilobytes

Number of errors   :    0 (   0 filtered)
Number of warnings :    3 (   0 filtered)
Number of infos    :    0 (   0 filtered)

