Release 14.7 - xst P.20131013 (nt64)
Copyright (c) 1995-2013 Xilinx, Inc.  All rights reserved.
--> Parameter TMPDIR set to xst/projnav.tmp


Total REAL time to Xst completion: 0.00 secs
Total CPU time to Xst completion: 0.25 secs
 
--> Parameter xsthdpdir set to xst


Total REAL time to Xst completion: 0.00 secs
Total CPU time to Xst completion: 0.25 secs
 
--> Reading design: cpuDatapath.prj

TABLE OF CONTENTS
  1) Synthesis Options Summary
  2) HDL Parsing
  3) HDL Elaboration
  4) HDL Synthesis
       4.1) HDL Synthesis Report
  5) Advanced HDL Synthesis
       5.1) Advanced HDL Synthesis Report
  6) Low Level Synthesis
  7) Partition Report
  8) Design Summary
       8.1) Primitive and Black Box Usage
       8.2) Device utilization summary
       8.3) Partition Resource Summary
       8.4) Timing Report
            8.4.1) Clock Information
            8.4.2) Asynchronous Control Signals Information
            8.4.3) Timing Summary
            8.4.4) Timing Details
            8.4.5) Cross Clock Domains Report


=========================================================================
*                      Synthesis Options Summary                        *
=========================================================================
---- Source Parameters
Input File Name                    : "cpuDatapath.prj"
Ignore Synthesis Constraint File   : NO

---- Target Parameters
Output File Name                   : "cpuDatapath"
Output Format                      : NGC
Target Device                      : xc7a100t-1-csg324

---- Source Options
Top Module Name                    : cpuDatapath
Automatic FSM Extraction           : YES
FSM Encoding Algorithm             : Auto
Safe Implementation                : No
FSM Style                          : LUT
RAM Extraction                     : Yes
RAM Style                          : Auto
ROM Extraction                     : Yes
Shift Register Extraction          : YES
ROM Style                          : Auto
Resource Sharing                   : YES
Asynchronous To Synchronous        : NO
Shift Register Minimum Size        : 2
Use DSP Block                      : Auto
Automatic Register Balancing       : No

---- Target Options
LUT Combining                      : Auto
Reduce Control Sets                : Auto
Add IO Buffers                     : YES
Global Maximum Fanout              : 100000
Add Generic Clock Buffer(BUFG)     : 32
Register Duplication               : YES
Optimize Instantiated Primitives   : NO
Use Clock Enable                   : Auto
Use Synchronous Set                : Auto
Use Synchronous Reset              : Auto
Pack IO Registers into IOBs        : Auto
Equivalent register Removal        : YES

---- General Options
Optimization Goal                  : Speed
Optimization Effort                : 1
Power Reduction                    : NO
Keep Hierarchy                     : No
Netlist Hierarchy                  : As_Optimized
RTL Output                         : Yes
Global Optimization                : AllClockNets
Read Cores                         : YES
Write Timing Constraints           : NO
Cross Clock Analysis               : NO
Hierarchy Separator                : /
Bus Delimiter                      : <>
Case Specifier                     : Maintain
Slice Utilization Ratio            : 100
BRAM Utilization Ratio             : 100
DSP48 Utilization Ratio            : 100
Auto BRAM Packing                  : NO
Slice Utilization Ratio Delta      : 5

---- Other Options
Cores Search Directories           : {"ipcore_dir"  }

=========================================================================


=========================================================================
*                          HDL Parsing                                  *
=========================================================================
Analyzing Verilog file "C:\Users\sosav\Downloads\ECE414_Project_Files_2020\FinalProject\registerFile.v" into library work
Parsing module <registerFile>.
Analyzing Verilog file "C:\Users\sosav\Downloads\ECE414_Project_Files_2020\FinalProject\functionalUnit.v" into library work
Parsing module <functionalUnit>.
Analyzing Verilog file "C:\Users\sosav\Downloads\ECE414_Project_Files_2020\FinalProject\cpuDatapath.v" into library work
Parsing module <cpuDatapath>.

=========================================================================
*                            HDL Elaboration                            *
=========================================================================

Elaborating module <cpuDatapath>.

Elaborating module <registerFile>.

Elaborating module <functionalUnit>.

=========================================================================
*                           HDL Synthesis                               *
=========================================================================

Synthesizing Unit <cpuDatapath>.
    Related source file is "C:\Users\sosav\Downloads\ECE414_Project_Files_2020\FinalProject\cpuDatapath.v".
    Summary:
	inferred   4 Multiplexer(s).
Unit <cpuDatapath> synthesized.

Synthesizing Unit <registerFile>.
    Related source file is "C:\Users\sosav\Downloads\ECE414_Project_Files_2020\FinalProject\registerFile.v".
    Found 16-bit register for signal <Aout>.
    Found 16-bit register for signal <Bout>.
    Found 16-bit register for signal <Dout>.
    Found 256-bit register for signal <n0037[255:0]>.
    Found 16-bit 16-to-1 multiplexer for signal <AA[3]_userRegisters[15][15]_wide_mux_3_OUT> created at line 51.
    Found 16-bit 16-to-1 multiplexer for signal <BA[3]_userRegisters[15][15]_wide_mux_4_OUT> created at line 52.
    Found 16-bit 16-to-1 multiplexer for signal <DA[3]_userRegisters[15][15]_wide_mux_5_OUT> created at line 53.
    Summary:
	inferred 304 D-type flip-flop(s).
	inferred  19 Multiplexer(s).
Unit <registerFile> synthesized.

Synthesizing Unit <functionalUnit>.
    Related source file is "C:\Users\sosav\Downloads\ECE414_Project_Files_2020\FinalProject\functionalUnit.v".
    Found 17-bit subtractor for signal <inS[15]_inT[15]_sub_2_OUT> created at line 53.
    Found 17-bit adder for signal <inS[15]_inT[15]_add_0_OUT> created at line 51.
    Found 17-bit 8-to-1 multiplexer for signal <tempResult> created at line 49.
    Summary:
	inferred   1 Adder/Subtractor(s).
	inferred   6 Multiplexer(s).
Unit <functionalUnit> synthesized.

=========================================================================
HDL Synthesis Report

Macro Statistics
# Adders/Subtractors                                   : 1
 17-bit addsub                                         : 1
# Registers                                            : 4
 16-bit register                                       : 3
 256-bit register                                      : 1
# Multiplexers                                         : 29
 16-bit 16-to-1 multiplexer                            : 3
 16-bit 2-to-1 multiplexer                             : 17
 17-bit 2-to-1 multiplexer                             : 6
 32-bit 2-to-1 multiplexer                             : 3
# Xors                                                 : 1
 17-bit xor2                                           : 1

=========================================================================
INFO:Xst:1767 - HDL ADVISOR - Resource sharing has identified that some arithmetic operations in this design can share the same physical resources for reduced device utilization. For improved clock frequency you may try to disable resource sharing.

=========================================================================
*                       Advanced HDL Synthesis                          *
=========================================================================


=========================================================================
Advanced HDL Synthesis Report

Macro Statistics
# Adders/Subtractors                                   : 1
 17-bit addsub                                         : 1
# Registers                                            : 304
 Flip-Flops                                            : 304
# Multiplexers                                         : 29
 16-bit 16-to-1 multiplexer                            : 3
 16-bit 2-to-1 multiplexer                             : 17
 17-bit 2-to-1 multiplexer                             : 6
 32-bit 2-to-1 multiplexer                             : 3
# Xors                                                 : 1
 17-bit xor2                                           : 1

=========================================================================

=========================================================================
*                         Low Level Synthesis                           *
=========================================================================

Optimizing unit <cpuDatapath> ...

Optimizing unit <registerFile> ...

Optimizing unit <functionalUnit> ...

Mapping all equations...
Building and optimizing final netlist ...
Found area constraint ratio of 100 (+ 5) on block cpuDatapath, actual ratio is 1.

Final Macro Processing ...

=========================================================================
Final Register Report

Macro Statistics
# Registers                                            : 304
 Flip-Flops                                            : 304

=========================================================================

=========================================================================
*                           Partition Report                            *
=========================================================================

Partition Implementation Status
-------------------------------

  No Partitions were found in this design.

-------------------------------

=========================================================================
*                            Design Summary                             *
=========================================================================

Top Level Output File Name         : cpuDatapath.ngc

Primitive and Black Box Usage:
------------------------------
# BELS                             : 726
#      INV                         : 1
#      LUT2                        : 13
#      LUT3                        : 9
#      LUT4                        : 38
#      LUT5                        : 260
#      LUT6                        : 230
#      MUXCY                       : 15
#      MUXF7                       : 96
#      MUXF8                       : 48
#      XORCY                       : 16
# FlipFlops/Latches                : 304
#      FD                          : 256
#      FDE                         : 48
# Clock Buffers                    : 1
#      BUFGP                       : 1
# IO Buffers                       : 43
#      IBUF                        : 27
#      OBUF                        : 16

Device utilization summary:
---------------------------

Selected Device : 7a100tcsg324-1 


Slice Logic Utilization: 
 Number of Slice Registers:             304  out of  126800     0%  
 Number of Slice LUTs:                  551  out of  63400     0%  
    Number used as Logic:               551  out of  63400     0%  

Slice Logic Distribution: 
 Number of LUT Flip Flop pairs used:    599
   Number with an unused Flip Flop:     295  out of    599    49%  
   Number with an unused LUT:            48  out of    599     8%  
   Number of fully used LUT-FF pairs:   256  out of    599    42%  
   Number of unique control sets:         2

IO Utilization: 
 Number of IOs:                          45
 Number of bonded IOBs:                  44  out of    210    20%  

Specific Feature Utilization:
 Number of BUFG/BUFGCTRLs:                1  out of     32     3%  

---------------------------
Partition Resource Summary:
---------------------------

  No Partitions were found in this design.

---------------------------


=========================================================================
Timing Report

NOTE: THESE TIMING NUMBERS ARE ONLY A SYNTHESIS ESTIMATE.
      FOR ACCURATE TIMING INFORMATION PLEASE REFER TO THE TRACE REPORT
      GENERATED AFTER PLACE-and-ROUTE.

Clock Information:
------------------
-----------------------------------+------------------------+-------+
Clock Signal                       | Clock buffer(FF name)  | Load  |
-----------------------------------+------------------------+-------+
clk                                | BUFGP                  | 304   |
-----------------------------------+------------------------+-------+

Asynchronous Control Signals Information:
----------------------------------------
No asynchronous control signals found in this design

Timing Summary:
---------------
Speed Grade: -1

   Minimum period: 3.754ns (Maximum Frequency: 266.418MHz)
   Minimum input arrival time before clock: 3.811ns
   Maximum output required time after clock: 0.877ns
   Maximum combinational path delay: No path found

Timing Details:
---------------
All values displayed in nanoseconds (ns)

=========================================================================
Timing constraint: Default period analysis for Clock 'clk'
  Clock period: 3.754ns (frequency: 266.418MHz)
  Total number of paths / destination ports: 8960 / 304
-------------------------------------------------------------------------
Delay:               3.754ns (Levels of Logic = 19)
  Source:            regFile/Bout_0 (FF)
  Destination:       regFile/userRegisters_0_255 (FF)
  Source Clock:      clk rising
  Destination Clock: clk rising

  Data Path: regFile/Bout_0 to regFile/userRegisters_0_255
                                Gate     Net
    Cell:in->out      fanout   Delay   Delay  Logical Name (Net Name)
    ----------------------------------------  ------------
     FDE:C->Q              2   0.478   0.542  regFile/Bout_0 (regFile/Bout_0)
     LUT5:I3->O            1   0.124   0.000  fUnit/Mmux_tempResult1_rs_lut<0> (fUnit/Mmux_tempResult1_rs_lut<0>)
     MUXCY:S->O            1   0.472   0.000  fUnit/Mmux_tempResult1_rs_cy<0> (fUnit/Mmux_tempResult1_rs_cy<0>)
     MUXCY:CI->O           1   0.029   0.000  fUnit/Mmux_tempResult1_rs_cy<1> (fUnit/Mmux_tempResult1_rs_cy<1>)
     MUXCY:CI->O           1   0.029   0.000  fUnit/Mmux_tempResult1_rs_cy<2> (fUnit/Mmux_tempResult1_rs_cy<2>)
     MUXCY:CI->O           1   0.029   0.000  fUnit/Mmux_tempResult1_rs_cy<3> (fUnit/Mmux_tempResult1_rs_cy<3>)
     MUXCY:CI->O           1   0.029   0.000  fUnit/Mmux_tempResult1_rs_cy<4> (fUnit/Mmux_tempResult1_rs_cy<4>)
     MUXCY:CI->O           1   0.029   0.000  fUnit/Mmux_tempResult1_rs_cy<5> (fUnit/Mmux_tempResult1_rs_cy<5>)
     MUXCY:CI->O           1   0.029   0.000  fUnit/Mmux_tempResult1_rs_cy<6> (fUnit/Mmux_tempResult1_rs_cy<6>)
     MUXCY:CI->O           1   0.029   0.000  fUnit/Mmux_tempResult1_rs_cy<7> (fUnit/Mmux_tempResult1_rs_cy<7>)
     MUXCY:CI->O           1   0.029   0.000  fUnit/Mmux_tempResult1_rs_cy<8> (fUnit/Mmux_tempResult1_rs_cy<8>)
     MUXCY:CI->O           1   0.029   0.000  fUnit/Mmux_tempResult1_rs_cy<9> (fUnit/Mmux_tempResult1_rs_cy<9>)
     MUXCY:CI->O           1   0.029   0.000  fUnit/Mmux_tempResult1_rs_cy<10> (fUnit/Mmux_tempResult1_rs_cy<10>)
     MUXCY:CI->O           1   0.029   0.000  fUnit/Mmux_tempResult1_rs_cy<11> (fUnit/Mmux_tempResult1_rs_cy<11>)
     MUXCY:CI->O           1   0.029   0.000  fUnit/Mmux_tempResult1_rs_cy<12> (fUnit/Mmux_tempResult1_rs_cy<12>)
     MUXCY:CI->O           1   0.029   0.000  fUnit/Mmux_tempResult1_rs_cy<13> (fUnit/Mmux_tempResult1_rs_cy<13>)
     MUXCY:CI->O           0   0.029   0.000  fUnit/Mmux_tempResult1_rs_cy<14> (fUnit/Mmux_tempResult1_rs_cy<14>)
     XORCY:CI->O           1   0.510   0.421  fUnit/Mmux_tempResult1_rs_xor<15> (fUnit/Mmux_tempResult1_split<15>)
     LUT6:I5->O           16   0.124   0.519  Mmux_n001474 (n0014<15>)
     LUT5:I4->O            1   0.124   0.000  regFile/userRegisters[15][15]_userRegisters[15][15]_mux_26_OUT<15>1 (regFile/userRegisters[15][15]_userRegisters[15][15]_mux_26_OUT<15>)
     FD:D                      0.030          regFile/userRegisters_0_15
    ----------------------------------------
    Total                      3.754ns (2.272ns logic, 1.482ns route)
                                       (60.5% logic, 39.5% route)

=========================================================================
Timing constraint: Default OFFSET IN BEFORE for Clock 'clk'
  Total number of paths / destination ports: 10464 / 352
-------------------------------------------------------------------------
Offset:              3.811ns (Levels of Logic = 20)
  Source:            FS<0> (PAD)
  Destination:       regFile/userRegisters_0_255 (FF)
  Destination Clock: clk rising

  Data Path: FS<0> to regFile/userRegisters_0_255
                                Gate     Net
    Cell:in->out      fanout   Delay   Delay  Logical Name (Net Name)
    ----------------------------------------  ------------
     IBUF:I->O            54   0.001   1.076  FS_0_IBUF (FS_0_IBUF)
     LUT5:I0->O            1   0.124   0.000  fUnit/Mmux_tempResult1_rs_lut<0> (fUnit/Mmux_tempResult1_rs_lut<0>)
     MUXCY:S->O            1   0.472   0.000  fUnit/Mmux_tempResult1_rs_cy<0> (fUnit/Mmux_tempResult1_rs_cy<0>)
     MUXCY:CI->O           1   0.029   0.000  fUnit/Mmux_tempResult1_rs_cy<1> (fUnit/Mmux_tempResult1_rs_cy<1>)
     MUXCY:CI->O           1   0.029   0.000  fUnit/Mmux_tempResult1_rs_cy<2> (fUnit/Mmux_tempResult1_rs_cy<2>)
     MUXCY:CI->O           1   0.029   0.000  fUnit/Mmux_tempResult1_rs_cy<3> (fUnit/Mmux_tempResult1_rs_cy<3>)
     MUXCY:CI->O           1   0.029   0.000  fUnit/Mmux_tempResult1_rs_cy<4> (fUnit/Mmux_tempResult1_rs_cy<4>)
     MUXCY:CI->O           1   0.029   0.000  fUnit/Mmux_tempResult1_rs_cy<5> (fUnit/Mmux_tempResult1_rs_cy<5>)
     MUXCY:CI->O           1   0.029   0.000  fUnit/Mmux_tempResult1_rs_cy<6> (fUnit/Mmux_tempResult1_rs_cy<6>)
     MUXCY:CI->O           1   0.029   0.000  fUnit/Mmux_tempResult1_rs_cy<7> (fUnit/Mmux_tempResult1_rs_cy<7>)
     MUXCY:CI->O           1   0.029   0.000  fUnit/Mmux_tempResult1_rs_cy<8> (fUnit/Mmux_tempResult1_rs_cy<8>)
     MUXCY:CI->O           1   0.029   0.000  fUnit/Mmux_tempResult1_rs_cy<9> (fUnit/Mmux_tempResult1_rs_cy<9>)
     MUXCY:CI->O           1   0.029   0.000  fUnit/Mmux_tempResult1_rs_cy<10> (fUnit/Mmux_tempResult1_rs_cy<10>)
     MUXCY:CI->O           1   0.029   0.000  fUnit/Mmux_tempResult1_rs_cy<11> (fUnit/Mmux_tempResult1_rs_cy<11>)
     MUXCY:CI->O           1   0.029   0.000  fUnit/Mmux_tempResult1_rs_cy<12> (fUnit/Mmux_tempResult1_rs_cy<12>)
     MUXCY:CI->O           1   0.029   0.000  fUnit/Mmux_tempResult1_rs_cy<13> (fUnit/Mmux_tempResult1_rs_cy<13>)
     MUXCY:CI->O           0   0.029   0.000  fUnit/Mmux_tempResult1_rs_cy<14> (fUnit/Mmux_tempResult1_rs_cy<14>)
     XORCY:CI->O           1   0.510   0.421  fUnit/Mmux_tempResult1_rs_xor<15> (fUnit/Mmux_tempResult1_split<15>)
     LUT6:I5->O           16   0.124   0.519  Mmux_n001474 (n0014<15>)
     LUT5:I4->O            1   0.124   0.000  regFile/userRegisters[15][15]_userRegisters[15][15]_mux_26_OUT<15>1 (regFile/userRegisters[15][15]_userRegisters[15][15]_mux_26_OUT<15>)
     FD:D                      0.030          regFile/userRegisters_0_15
    ----------------------------------------
    Total                      3.811ns (1.795ns logic, 2.016ns route)
                                       (47.1% logic, 52.9% route)

=========================================================================
Timing constraint: Default OFFSET OUT AFTER for Clock 'clk'
  Total number of paths / destination ports: 16 / 16
-------------------------------------------------------------------------
Offset:              0.877ns (Levels of Logic = 1)
  Source:            regFile/Dout_15 (FF)
  Destination:       Dout<15> (PAD)
  Source Clock:      clk rising

  Data Path: regFile/Dout_15 to Dout<15>
                                Gate     Net
    Cell:in->out      fanout   Delay   Delay  Logical Name (Net Name)
    ----------------------------------------  ------------
     FDE:C->Q              1   0.478   0.399  regFile/Dout_15 (regFile/Dout_15)
     OBUF:I->O                 0.000          Dout_15_OBUF (Dout<15>)
    ----------------------------------------
    Total                      0.877ns (0.478ns logic, 0.399ns route)
                                       (54.5% logic, 45.5% route)

=========================================================================

Cross Clock Domains Report:
--------------------------

Clock to Setup on destination clock clk
---------------+---------+---------+---------+---------+
               | Src:Rise| Src:Fall| Src:Rise| Src:Fall|
Source Clock   |Dest:Rise|Dest:Rise|Dest:Fall|Dest:Fall|
---------------+---------+---------+---------+---------+
clk            |    3.754|         |         |         |
---------------+---------+---------+---------+---------+

=========================================================================


Total REAL time to Xst completion: 15.00 secs
Total CPU time to Xst completion: 15.53 secs
 
--> 

Total memory usage is 4694716 kilobytes

Number of errors   :    0 (   0 filtered)
Number of warnings :    0 (   0 filtered)
Number of infos    :    1 (   0 filtered)

