Command line:
   tb_instructionRegister_isim_beh.exe
     -simmode  gui
     -simrunnum  1
     -socket  58520

Sun Nov 15 20:51:05 2020


 Elaboration Time: 0.0625 sec

 Current Memory Usage: 5160.25 Meg

 Total Signals          : 21
 Total Nets             : 48
 Total Signal Drivers   : 13
 Total Blocks           : 3
 Total Primitive Blocks : 2
 Total Processes        : 17
 Total Traceable Variables  : 36
 Total Scalar Nets and Variables : 467
Total Line Count : 31

 Total Simulation Time: 0.859375 sec

 Current Memory Usage: 5160.25 Meg

Sun Nov 15 21:04:46 2020

