Command line:
   tb_CPU_isim_beh.exe
     -simmode  gui
     -simrunnum  0
     -socket  51021

Sun Nov 22 23:09:11 2020


 Elaboration Time: 0.03125 sec

 Current Memory Usage: 5159.64 Meg

 Total Signals          : 108
 Total Nets             : 233
 Total Signal Drivers   : 35
 Total Blocks           : 10
 Total Primitive Blocks : 6
 Total Processes        : 46
 Total Traceable Variables  : 150
 Total Scalar Nets and Variables : 5373
Total Line Count : 199
Total Line Count : 199
Total Line Count : 199

 Total Simulation Time: 0.984375 sec

 Current Memory Usage: 4687.78 Meg

Mon Nov 23 10:22:41 2020

